1659439091311	geckodriver	INFO	Listening on 127.0.0.1:64756
1659439094343	mozrunner::runner	INFO	Running command: "C:\\Program Files\\Mozilla Firefox\\firefox.exe" "--marionette" "--remote-debugging-port" "64757" "--remote-allow-hosts" "localhost" "-no-remote" "-profile" "C:\\Users\\USER\\AppData\\Local\\Temp\\rust_mozprofile4gNCze"
1659439095595	Marionette	INFO	Marionette enabled
1659439095611	Marionette	INFO	Listening on port 64768
WebDriver BiDi listening on ws://localhost:64757
Read port: 64768
1659439095918	RemoteAgent	WARN	TLS certificate errors will be ignored for this session
console.warn: SearchSettings: "get: No settings file exists, new profile?" (new NotFoundError("Could not open the file at C:\\Users\\USER\\AppData\\Local\\Temp\\rust_mozprofile4gNCze\\search.json.mozlz4", (void 0)))
DevTools listening on ws://localhost:64757/devtools/browser/c4b2734d-61df-432e-94fe-9f22fcc0f131
1659439864793	Marionette	INFO	Stopped listening on port 64768
console.warn: TopSitesFeed: Failed to fetch data from Contile server: NetworkError when attempting to fetch resource.
remote-debugging-port" "64836" "--remote-allow-hosts" "localhost" "-no-remote" "-profile" "C:\\Users\\USER\\AppData\\Local\\Temp\\rust_mozprofileHSphKu"
1659439149472	Marionette	INFO	Marionette enabled
1659439149485	Marionette	INFO	Listening on port 64846
WebDriver BiDi listening on ws://localhost:64836
Read port: 64846
1659439149789	RemoteAgent	WARN	TLS certificate errors will be ignored for this session
console.warn: SearchSettings: "get: No settings file exists, new profile?" (new NotFoundError("Could not open the file at C:\\Users\\USER\\AppData\\Local\\Temp\\rust_mozprofileHSphKu\\search.json.mozlz4", (void 0)))
DevTools listening on ws://localhost:64836/devtools/browser/c809ee42-6043-421f-9202-5fd2ca381590
1659439865465	Marionette	INFO	Stopped listening on port 64846
console.warn: TopSitesFeed: Failed to fetch data from Contile server: NetworkError when attempting to fetch resource.
remote-debugging-port" "64909" "--remote-allow-hosts" "localhost" "-no-remote" "-profile" "C:\\Users\\USER\\AppData\\Local\\Temp\\rust_mozprofilefHAAF2"
1659439218134	Marionette	INFO	Marionette enabled
1659439218149	Marionette	INFO	Listening on port 64920
WebDriver BiDi listening on ws://localhost:64909
Read port: 64920
1659439218459	RemoteAgent	WARN	TLS certificate errors will be ignored for this session
console.warn: SearchSettings: "get: No settings file exists, new profile?" (new NotFoundError("Could not open the file at C:\\Users\\USER\\AppData\\Local\\Temp\\rust_mozprofilefHAAF2\\search.json.mozlz4", (void 0)))
DevTools listening on ws://localhost:64909/devtools/browser/3e24800f-3b99-4a8d-8cd5-466bbe78d77f
1659439866223	Marionette	INFO	Stopped listening on port 64920
console.warn: TopSitesFeed: Failed to fetch data from Contile server: NetworkError when attempting to fetch resource.
1659439866368	RemoteAgent	ERROR	unable to stop listener: [Exception... "Component returned failure code: 0x80040111 (NS_ERROR_NOT_AVAILABLE) [nsICertOverrideService.setDisableAllSecurityChecksAndLetAttackersInterceptMyData]"  nsresult: "0x80040111 (NS_ERROR_NOT_AVAILABLE)"  location: "JS frame :: chrome://remote/content/marionette/cert.js :: allowAllCerts.disable :: line 57"  data: no] Stack trace: allowAllCerts.disable()@cert.js:57
destroy()@Session.jsm:207
deleteSession()@WebDriverBiDi.jsm:148
stop()@WebDriverBiDi.jsm:227
JavaScript error: chrome://remote/content/marionette/cert.js, line 57: NS_ERROR_NOT_AVAILABLE: Component returned failure code: 0x80040111 (NS_ERROR_NOT_AVAILABLE) [nsICertOverrideService.setDisableAllSecurityChecksAndLetAttackersInterceptMyData]
!!! error running onStopped callback: TypeError: callback is not a function
unction
console.log: "RemoteSettingsWorker error: Error: Can't import when we've started shutting down."
console.log: "RemoteSettingsWorker error: Error: Can't import when we've started shutting down."
console.log: "RemoteSettingsWorker error: Error: Can't import when we've started shutting down."
console.log: "RemoteSettingsWorker error: Error: Can't import when we've started shutting down."
1659439449459	geckodriver	INFO	Listening on 127.0.0.1:65112
1659439452517	mozrunner::runner	INFO	Running command: "C:\\Program Files\\Mozilla Firefox\\firefox.exe" "--marionette" "--remote-debugging-port" "65113" "--remote-allow-hosts" "localhost" "-no-remote" "-profile" "C:\\Users\\USER\\AppData\\Local\\Temp\\rust_mozprofileZUSmHu"
1659439453432	Marionette	INFO	Marionette enabled
1659439453446	Marionette	INFO	Listening on port 65123
Read port: 65123
WebDriver BiDi listening on ws://localhost:65113
1659439453725	RemoteAgent	WARN	TLS certificate errors will be ignored for this session
console.warn: SearchSettings: "get: No settings file exists, new profile?" (new NotFoundError("Could not open the file at C:\\Users\\USER\\AppData\\Local\\Temp\\rust_mozprofileZUSmHu\\search.json.mozlz4", (void 0)))
DevTools listening on ws://localhost:65113/devtools/browser/c655820e-5bb4-446c-afc0-05558d8b3586
1659439457603	Marionette	INFO	Stopped listening on port 65123
console.warn: services.settings: main/query-stripping sync interrupted by shutdown
!!! error running onStopped callback: TypeError: callback is not a function
1659439638999	geckodriver	INFO	Listening on 127.0.0.1:65324
1659439642048	mozrunner::runner	INFO	Running command: "C:\\Program Files\\Mozilla Firefox\\firefox.exe" "--marionette" "--remote-debugging-port" "65325" "--remote-allow-hosts" "localhost" "-no-remote" "-profile" "C:\\Users\\USER\\AppData\\Local\\Temp\\rust_mozprofileYqCUtQ"
1659439643569	Marionette	INFO	Marionette enabled
1659439643583	Marionette	INFO	Listening on port 65336
Read port: 65336
WebDriver BiDi listening on ws://localhost:65325
1659439643953	RemoteAgent	WARN	TLS certificate errors will be ignored for this session
console.warn: SearchSettings: "get: No settings file exists, new profile?" (new NotFoundError("Could not open the file at C:\\Users\\USER\\AppData\\Local\\Temp\\rust_mozprofileYqCUtQ\\search.json.mozlz4", (void 0)))
DevTools listening on ws://localhost:65325/devtools/browser/2ff12a93-abd5-4001-aa51-0db7e15f2f3a
1659439648294	Marionette	INFO	Stopped listening on port 65336
console.warn: services.settings: main/query-stripping sync interrupted by shutdown
console.error: PushService: 
  clearOriginData: Error clearing origin data:
  TypeError
console.log: "RemoteSettingsWorker error: AbortError: IndexedDB:  execute() A request was aborted, for example through a call to IDBTransaction.abort."
console.log: "RemoteSettingsWorker error: AbortError: IndexedDB:  execute() A request was aborted, for example through a call to IDBTransaction.abort."
console.log: "RemoteSettingsWorker error: Error: Can't import when we've started shutting down."
console.log: "RemoteSettingsWorker error: Error: Can't import when we've started shutting down."
console.log: "RemoteSettingsWorker error: Error: Can't import when we've started shutting down."
1659439690728	geckodriver	INFO	Listening on 127.0.0.1:65379
1659439693769	mozrunner::runner	INFO	Running command: "C:\\Program Files\\Mozilla Firefox\\firefox.exe" "--marionette" "--remote-debugging-port" "65380" "--remote-allow-hosts" "localhost" "-no-remote" "-profile" "C:\\Users\\USER\\AppData\\Local\\Temp\\rust_mozprofile6O4Tfw"
1659439694705	Marionette	INFO	Marionette enabled
1659439694719	Marionette	INFO	Listening on port 65390
WebDriver BiDi listening on ws://localhost:65380
Read port: 65390
1659439695030	RemoteAgent	WARN	TLS certificate errors will be ignored for this session
console.warn: SearchSettings: "get: No settings file exists, new profile?" (new NotFoundError("Could not open the file at C:\\Users\\USER\\AppData\\Local\\Temp\\rust_mozprofile6O4Tfw\\search.json.mozlz4", (void 0)))
DevTools listening on ws://localhost:65380/devtools/browser/9e4ced95-4398-4f3a-b9ac-5de2c8befd9d
1659439699124	Marionette	INFO	Stopped listening on port 65390
console.warn: services.settings: main/query-stripping sync interrupted by shutdown
console.warn: SearchService: "#init: abandoning init due to shutting down"
JavaScript error: , line 0: uncaught exception: 2147500036
JavaScript error: , line 0: uncaught exception: 2147500036
JavaScript error: , line 0: uncaught exception: 2147500036
JavaScript error: , line 0: uncaught exception: 2147500036
JavaScript error: , line 0: uncaught exception: 2147500036
JavaScript error: , line 0: uncaught exception: 2147500036
JavaScript error: , line 0: uncaught exception: 2147500036
JavaScript error: , line 0: uncaught exception: 2147500036
1659441176934	geckodriver	INFO	Listening on 127.0.0.1:49982
1659441179965	mozrunner::runner	INFO	Running command: "C:\\Program Files\\Mozilla Firefox\\firefox.exe" "--marionette" "--remote-debugging-port" "49983" "--remote-allow-hosts" "localhost" "-no-remote" "-profile" "C:\\Users\\USER\\AppData\\Local\\Temp\\rust_mozprofilewNdOEh"
1659441181276	Marionette	INFO	Marionette enabled
1659441181302	Marionette	INFO	Listening on port 49994
WebDriver BiDi listening on ws://localhost:49983
Read port: 49994
1659441181722	RemoteAgent	WARN	TLS certificate errors will be ignored for this session
console.warn: SearchSettings: "get: No settings file exists, new profile?" (new NotFoundError("Could not open the file at C:\\Users\\USER\\AppData\\Local\\Temp\\rust_mozprofilewNdOEh\\search.json.mozlz4", (void 0)))
DevTools listening on ws://localhost:49983/devtools/browser/b8a896bf-a4d7-4bfa-a604-0e3f8486487b
1659441187063	Marionette	INFO	Stopped listening on port 49994
!!! error running onStopped callback: TypeError: callback is not a function
console.log: "RemoteSettingsWorker error: Error: Can't import when we've started shutting down."
console.log: "RemoteSettingsWorker error: Error: Can't import when we've started shutting down."
console.log: "RemoteSettingsWorker error: Error: Can't import when we've started shutting down."
1659441211877	geckodriver	INFO	Listening on 127.0.0.1:50083
1659441214914	mozrunner::runner	INFO	Running command: "C:\\Program Files\\Mozilla Firefox\\firefox.exe" "--marionette" "--remote-debugging-port" "50084" "--remote-allow-hosts" "localhost" "-no-remote" "-profile" "C:\\Users\\USER\\AppData\\Local\\Temp\\rust_mozprofilerydVtZ"
1659441216298	Marionette	INFO	Marionette enabled
1659441216316	Marionette	INFO	Listening on port 50095
WebDriver BiDi listening on ws://localhost:50084
Read port: 50095
1659441216820	RemoteAgent	WARN	TLS certificate errors will be ignored for this session
console.warn: SearchSettings: "get: No settings file exists, new profile?" (new NotFoundError("Could not open the file at C:\\Users\\USER\\AppData\\Local\\Temp\\rust_mozprofilerydVtZ\\search.json.mozlz4", (void 0)))
DevTools listening on ws://localhost:50084/devtools/browser/60450c27-4390-4186-8406-911ce7fe9da7
1659441221967	Marionette	INFO	Stopped listening on port 50095
console.warn: SearchService: "#init: abandoning init due to shutting down"
JavaScript error: resource://gre/modules/AsyncShutdown.jsm, line 577: uncaught exception: 2147500036
JavaScript error: resource://gre/modules/AsyncShutdown.jsm, line 577: uncaught exception: 2147500036
JavaScript error: resource://gre/modules/AsyncShutdown.jsm, line 577: uncaught exception: 2147500036
JavaScript error: resource://gre/modules/AsyncShutdown.jsm, line 577: uncaught exception: 2147500036
JavaScript error: resource://gre/modules/AsyncShutdown.jsm, line 577: uncaught exception: 2147500036
JavaScript error: resource://gre/modules/AsyncShutdown.jsm, line 577: uncaught exception: 2147500036
JavaScript error: resource://gre/modules/AsyncShutdown.jsm, line 577: uncaught exception: 2147500036
JavaScript error: resource://gre/modules/AsyncShutdown.jsm, line 577: uncaught exception: 2147500036
JavaScript error: resource://gre/modules/SearchService.jsm, line 315: NS_ERROR_ABORT: SearchService initialization failed
console.warn: services.settings: main/query-stripping sync interrupted by shutdown
!!! error running onStopped callback: TypeError: callback is not a function
